This is pdfTeX, Version 3.14159265-2.6-1.40.16 (TeX Live 2015/Debian) (preloaded format=pdflatex 2017.7.5)  28 JUL 2017 15:09
entering extended mode
 restricted \write18 enabled.
 %&-line parsing enabled.
**report.tex
(./report.tex
LaTeX2e <2016/02/01>
Babel <3.9q> and hyphenation patterns for 3 language(s) loaded.
(/usr/share/texlive/texmf-dist/tex/latex/base/article.cls
Document Class: article 2014/09/29 v1.4h Standard LaTeX document class
(/usr/share/texlive/texmf-dist/tex/latex/base/size10.clo
File: size10.clo 2014/09/29 v1.4h Standard LaTeX file (size option)
)
\c@part=\count79
\c@section=\count80
\c@subsection=\count81
\c@subsubsection=\count82
\c@paragraph=\count83
\c@subparagraph=\count84
\c@figure=\count85
\c@table=\count86
\abovecaptionskip=\skip41
\belowcaptionskip=\skip42
\bibindent=\dimen102
)
(/usr/share/texlive/texmf-dist/tex/latex/base/inputenc.sty
Package: inputenc 2015/03/17 v1.2c Input encoding file
\inpenc@prehook=\toks14
\inpenc@posthook=\toks15

(/usr/share/texlive/texmf-dist/tex/latex/base/utf8.def
File: utf8.def 2015/12/03 v1.1r UTF-8 support for inputenc
Now handling font encoding OML ...
... no UTF-8 mapping file for font encoding OML
Now handling font encoding T1 ...
... processing UTF-8 mapping file for font encoding T1

(/usr/share/texlive/texmf-dist/tex/latex/base/t1enc.dfu
File: t1enc.dfu 2015/12/03 v1.1r UTF-8 support for inputenc
   defining Unicode char U+00A0 (decimal 160)
   defining Unicode char U+00A1 (decimal 161)
   defining Unicode char U+00A3 (decimal 163)
   defining Unicode char U+00AB (decimal 171)
   defining Unicode char U+00AD (decimal 173)
   defining Unicode char U+00BB (decimal 187)
   defining Unicode char U+00BF (decimal 191)
   defining Unicode char U+00C0 (decimal 192)
   defining Unicode char U+00C1 (decimal 193)
   defining Unicode char U+00C2 (decimal 194)
   defining Unicode char U+00C3 (decimal 195)
   defining Unicode char U+00C4 (decimal 196)
   defining Unicode char U+00C5 (decimal 197)
   defining Unicode char U+00C6 (decimal 198)
   defining Unicode char U+00C7 (decimal 199)
   defining Unicode char U+00C8 (decimal 200)
   defining Unicode char U+00C9 (decimal 201)
   defining Unicode char U+00CA (decimal 202)
   defining Unicode char U+00CB (decimal 203)
   defining Unicode char U+00CC (decimal 204)
   defining Unicode char U+00CD (decimal 205)
   defining Unicode char U+00CE (decimal 206)
   defining Unicode char U+00CF (decimal 207)
   defining Unicode char U+00D0 (decimal 208)
   defining Unicode char U+00D1 (decimal 209)
   defining Unicode char U+00D2 (decimal 210)
   defining Unicode char U+00D3 (decimal 211)
   defining Unicode char U+00D4 (decimal 212)
   defining Unicode char U+00D5 (decimal 213)
   defining Unicode char U+00D6 (decimal 214)
   defining Unicode char U+00D8 (decimal 216)
   defining Unicode char U+00D9 (decimal 217)
   defining Unicode char U+00DA (decimal 218)
   defining Unicode char U+00DB (decimal 219)
   defining Unicode char U+00DC (decimal 220)
   defining Unicode char U+00DD (decimal 221)
   defining Unicode char U+00DE (decimal 222)
   defining Unicode char U+00DF (decimal 223)
   defining Unicode char U+00E0 (decimal 224)
   defining Unicode char U+00E1 (decimal 225)
   defining Unicode char U+00E2 (decimal 226)
   defining Unicode char U+00E3 (decimal 227)
   defining Unicode char U+00E4 (decimal 228)
   defining Unicode char U+00E5 (decimal 229)
   defining Unicode char U+00E6 (decimal 230)
   defining Unicode char U+00E7 (decimal 231)
   defining Unicode char U+00E8 (decimal 232)
   defining Unicode char U+00E9 (decimal 233)
   defining Unicode char U+00EA (decimal 234)
   defining Unicode char U+00EB (decimal 235)
   defining Unicode char U+00EC (decimal 236)
   defining Unicode char U+00ED (decimal 237)
   defining Unicode char U+00EE (decimal 238)
   defining Unicode char U+00EF (decimal 239)
   defining Unicode char U+00F0 (decimal 240)
   defining Unicode char U+00F1 (decimal 241)
   defining Unicode char U+00F2 (decimal 242)
   defining Unicode char U+00F3 (decimal 243)
   defining Unicode char U+00F4 (decimal 244)
   defining Unicode char U+00F5 (decimal 245)
   defining Unicode char U+00F6 (decimal 246)
   defining Unicode char U+00F8 (decimal 248)
   defining Unicode char U+00F9 (decimal 249)
   defining Unicode char U+00FA (decimal 250)
   defining Unicode char U+00FB (decimal 251)
   defining Unicode char U+00FC (decimal 252)
   defining Unicode char U+00FD (decimal 253)
   defining Unicode char U+00FE (decimal 254)
   defining Unicode char U+00FF (decimal 255)
   defining Unicode char U+0100 (decimal 256)
   defining Unicode char U+0101 (decimal 257)
   defining Unicode char U+0102 (decimal 258)
   defining Unicode char U+0103 (decimal 259)
   defining Unicode char U+0104 (decimal 260)
   defining Unicode char U+0105 (decimal 261)
   defining Unicode char U+0106 (decimal 262)
   defining Unicode char U+0107 (decimal 263)
   defining Unicode char U+0108 (decimal 264)
   defining Unicode char U+0109 (decimal 265)
   defining Unicode char U+010A (decimal 266)
   defining Unicode char U+010B (decimal 267)
   defining Unicode char U+010C (decimal 268)
   defining Unicode char U+010D (decimal 269)
   defining Unicode char U+010E (decimal 270)
   defining Unicode char U+010F (decimal 271)
   defining Unicode char U+0110 (decimal 272)
   defining Unicode char U+0111 (decimal 273)
   defining Unicode char U+0112 (decimal 274)
   defining Unicode char U+0113 (decimal 275)
   defining Unicode char U+0114 (decimal 276)
   defining Unicode char U+0115 (decimal 277)
   defining Unicode char U+0116 (decimal 278)
   defining Unicode char U+0117 (decimal 279)
   defining Unicode char U+0118 (decimal 280)
   defining Unicode char U+0119 (decimal 281)
   defining Unicode char U+011A (decimal 282)
   defining Unicode char U+011B (decimal 283)
   defining Unicode char U+011C (decimal 284)
   defining Unicode char U+011D (decimal 285)
   defining Unicode char U+011E (decimal 286)
   defining Unicode char U+011F (decimal 287)
   defining Unicode char U+0120 (decimal 288)
   defining Unicode char U+0121 (decimal 289)
   defining Unicode char U+0122 (decimal 290)
   defining Unicode char U+0123 (decimal 291)
   defining Unicode char U+0124 (decimal 292)
   defining Unicode char U+0125 (decimal 293)
   defining Unicode char U+0128 (decimal 296)
   defining Unicode char U+0129 (decimal 297)
   defining Unicode char U+012A (decimal 298)
   defining Unicode char U+012B (decimal 299)
   defining Unicode char U+012C (decimal 300)
   defining Unicode char U+012D (decimal 301)
   defining Unicode char U+012E (decimal 302)
   defining Unicode char U+012F (decimal 303)
   defining Unicode char U+0130 (decimal 304)
   defining Unicode char U+0131 (decimal 305)
   defining Unicode char U+0132 (decimal 306)
   defining Unicode char U+0133 (decimal 307)
   defining Unicode char U+0134 (decimal 308)
   defining Unicode char U+0135 (decimal 309)
   defining Unicode char U+0136 (decimal 310)
   defining Unicode char U+0137 (decimal 311)
   defining Unicode char U+0139 (decimal 313)
   defining Unicode char U+013A (decimal 314)
   defining Unicode char U+013B (decimal 315)
   defining Unicode char U+013C (decimal 316)
   defining Unicode char U+013D (decimal 317)
   defining Unicode char U+013E (decimal 318)
   defining Unicode char U+0141 (decimal 321)
   defining Unicode char U+0142 (decimal 322)
   defining Unicode char U+0143 (decimal 323)
   defining Unicode char U+0144 (decimal 324)
   defining Unicode char U+0145 (decimal 325)
   defining Unicode char U+0146 (decimal 326)
   defining Unicode char U+0147 (decimal 327)
   defining Unicode char U+0148 (decimal 328)
   defining Unicode char U+014A (decimal 330)
   defining Unicode char U+014B (decimal 331)
   defining Unicode char U+014C (decimal 332)
   defining Unicode char U+014D (decimal 333)
   defining Unicode char U+014E (decimal 334)
   defining Unicode char U+014F (decimal 335)
   defining Unicode char U+0150 (decimal 336)
   defining Unicode char U+0151 (decimal 337)
   defining Unicode char U+0152 (decimal 338)
   defining Unicode char U+0153 (decimal 339)
   defining Unicode char U+0154 (decimal 340)
   defining Unicode char U+0155 (decimal 341)
   defining Unicode char U+0156 (decimal 342)
   defining Unicode char U+0157 (decimal 343)
   defining Unicode char U+0158 (decimal 344)
   defining Unicode char U+0159 (decimal 345)
   defining Unicode char U+015A (decimal 346)
   defining Unicode char U+015B (decimal 347)
   defining Unicode char U+015C (decimal 348)
   defining Unicode char U+015D (decimal 349)
   defining Unicode char U+015E (decimal 350)
   defining Unicode char U+015F (decimal 351)
   defining Unicode char U+0160 (decimal 352)
   defining Unicode char U+0161 (decimal 353)
   defining Unicode char U+0162 (decimal 354)
   defining Unicode char U+0163 (decimal 355)
   defining Unicode char U+0164 (decimal 356)
   defining Unicode char U+0165 (decimal 357)
   defining Unicode char U+0168 (decimal 360)
   defining Unicode char U+0169 (decimal 361)
   defining Unicode char U+016A (decimal 362)
   defining Unicode char U+016B (decimal 363)
   defining Unicode char U+016C (decimal 364)
   defining Unicode char U+016D (decimal 365)
   defining Unicode char U+016E (decimal 366)
   defining Unicode char U+016F (decimal 367)
   defining Unicode char U+0170 (decimal 368)
   defining Unicode char U+0171 (decimal 369)
   defining Unicode char U+0172 (decimal 370)
   defining Unicode char U+0173 (decimal 371)
   defining Unicode char U+0174 (decimal 372)
   defining Unicode char U+0175 (decimal 373)
   defining Unicode char U+0176 (decimal 374)
   defining Unicode char U+0177 (decimal 375)
   defining Unicode char U+0178 (decimal 376)
   defining Unicode char U+0179 (decimal 377)
   defining Unicode char U+017A (decimal 378)
   defining Unicode char U+017B (decimal 379)
   defining Unicode char U+017C (decimal 380)
   defining Unicode char U+017D (decimal 381)
   defining Unicode char U+017E (decimal 382)
   defining Unicode char U+01CD (decimal 461)
   defining Unicode char U+01CE (decimal 462)
   defining Unicode char U+01CF (decimal 463)
   defining Unicode char U+01D0 (decimal 464)
   defining Unicode char U+01D1 (decimal 465)
   defining Unicode char U+01D2 (decimal 466)
   defining Unicode char U+01D3 (decimal 467)
   defining Unicode char U+01D4 (decimal 468)
   defining Unicode char U+01E2 (decimal 482)
   defining Unicode char U+01E3 (decimal 483)
   defining Unicode char U+01E6 (decimal 486)
   defining Unicode char U+01E7 (decimal 487)
   defining Unicode char U+01E8 (decimal 488)
   defining Unicode char U+01E9 (decimal 489)
   defining Unicode char U+01EA (decimal 490)
   defining Unicode char U+01EB (decimal 491)
   defining Unicode char U+01F0 (decimal 496)
   defining Unicode char U+01F4 (decimal 500)
   defining Unicode char U+01F5 (decimal 501)
   defining Unicode char U+0218 (decimal 536)
   defining Unicode char U+0219 (decimal 537)
   defining Unicode char U+021A (decimal 538)
   defining Unicode char U+021B (decimal 539)
   defining Unicode char U+01E02 (decimal 7682)
   defining Unicode char U+01E03 (decimal 7683)
   defining Unicode char U+200C (decimal 8204)
   defining Unicode char U+2013 (decimal 8211)
   defining Unicode char U+2014 (decimal 8212)
   defining Unicode char U+2018 (decimal 8216)
   defining Unicode char U+2019 (decimal 8217)
   defining Unicode char U+201A (decimal 8218)
   defining Unicode char U+201C (decimal 8220)
   defining Unicode char U+201D (decimal 8221)
   defining Unicode char U+201E (decimal 8222)
   defining Unicode char U+2030 (decimal 8240)
   defining Unicode char U+2031 (decimal 8241)
   defining Unicode char U+2039 (decimal 8249)
   defining Unicode char U+203A (decimal 8250)
   defining Unicode char U+2423 (decimal 9251)
)
Now handling font encoding OT1 ...
... processing UTF-8 mapping file for font encoding OT1

(/usr/share/texlive/texmf-dist/tex/latex/base/ot1enc.dfu
File: ot1enc.dfu 2015/12/03 v1.1r UTF-8 support for inputenc
   defining Unicode char U+00A0 (decimal 160)
   defining Unicode char U+00A1 (decimal 161)
   defining Unicode char U+00A3 (decimal 163)
   defining Unicode char U+00AD (decimal 173)
   defining Unicode char U+00B8 (decimal 184)
   defining Unicode char U+00BF (decimal 191)
   defining Unicode char U+00C5 (decimal 197)
   defining Unicode char U+00C6 (decimal 198)
   defining Unicode char U+00D8 (decimal 216)
   defining Unicode char U+00DF (decimal 223)
   defining Unicode char U+00E6 (decimal 230)
   defining Unicode char U+00EC (decimal 236)
   defining Unicode char U+00ED (decimal 237)
   defining Unicode char U+00EE (decimal 238)
   defining Unicode char U+00EF (decimal 239)
   defining Unicode char U+00F8 (decimal 248)
   defining Unicode char U+0131 (decimal 305)
   defining Unicode char U+0141 (decimal 321)
   defining Unicode char U+0142 (decimal 322)
   defining Unicode char U+0152 (decimal 338)
   defining Unicode char U+0153 (decimal 339)
   defining Unicode char U+0174 (decimal 372)
   defining Unicode char U+0175 (decimal 373)
   defining Unicode char U+0176 (decimal 374)
   defining Unicode char U+0177 (decimal 375)
   defining Unicode char U+0218 (decimal 536)
   defining Unicode char U+0219 (decimal 537)
   defining Unicode char U+021A (decimal 538)
   defining Unicode char U+021B (decimal 539)
   defining Unicode char U+2013 (decimal 8211)
   defining Unicode char U+2014 (decimal 8212)
   defining Unicode char U+2018 (decimal 8216)
   defining Unicode char U+2019 (decimal 8217)
   defining Unicode char U+201C (decimal 8220)
   defining Unicode char U+201D (decimal 8221)
)
Now handling font encoding OMS ...
... processing UTF-8 mapping file for font encoding OMS

(/usr/share/texlive/texmf-dist/tex/latex/base/omsenc.dfu
File: omsenc.dfu 2015/12/03 v1.1r UTF-8 support for inputenc
   defining Unicode char U+00A7 (decimal 167)
   defining Unicode char U+00B6 (decimal 182)
   defining Unicode char U+00B7 (decimal 183)
   defining Unicode char U+2020 (decimal 8224)
   defining Unicode char U+2021 (decimal 8225)
   defining Unicode char U+2022 (decimal 8226)
)
Now handling font encoding OMX ...
... no UTF-8 mapping file for font encoding OMX
Now handling font encoding U ...
... no UTF-8 mapping file for font encoding U
   defining Unicode char U+00A9 (decimal 169)
   defining Unicode char U+00AA (decimal 170)
   defining Unicode char U+00AE (decimal 174)
   defining Unicode char U+00BA (decimal 186)
   defining Unicode char U+02C6 (decimal 710)
   defining Unicode char U+02DC (decimal 732)
   defining Unicode char U+200C (decimal 8204)
   defining Unicode char U+2026 (decimal 8230)
   defining Unicode char U+2122 (decimal 8482)
   defining Unicode char U+2423 (decimal 9251)
))
(/usr/share/texlive/texmf-dist/tex/latex/amsmath/amsmath.sty
Package: amsmath 2016/03/03 v2.15a AMS math features
\@mathmargin=\skip43

For additional information on amsmath, use the `?' option.
(/usr/share/texlive/texmf-dist/tex/latex/amsmath/amstext.sty
Package: amstext 2000/06/29 v2.01 AMS text

(/usr/share/texlive/texmf-dist/tex/latex/amsmath/amsgen.sty
File: amsgen.sty 1999/11/30 v2.0 generic functions
\@emptytoks=\toks16
\ex@=\dimen103
))
(/usr/share/texlive/texmf-dist/tex/latex/amsmath/amsbsy.sty
Package: amsbsy 1999/11/29 v1.2d Bold Symbols
\pmbraise@=\dimen104
)
(/usr/share/texlive/texmf-dist/tex/latex/amsmath/amsopn.sty
Package: amsopn 1999/12/14 v2.01 operator names
)
\inf@bad=\count87
LaTeX Info: Redefining \frac on input line 199.
\uproot@=\count88
\leftroot@=\count89
LaTeX Info: Redefining \overline on input line 297.
\classnum@=\count90
\DOTSCASE@=\count91
LaTeX Info: Redefining \ldots on input line 394.
LaTeX Info: Redefining \dots on input line 397.
LaTeX Info: Redefining \cdots on input line 518.
\Mathstrutbox@=\box26
\strutbox@=\box27
\big@size=\dimen105
LaTeX Font Info:    Redeclaring font encoding OML on input line 630.
LaTeX Font Info:    Redeclaring font encoding OMS on input line 631.
\macc@depth=\count92
\c@MaxMatrixCols=\count93
\dotsspace@=\muskip10
\c@parentequation=\count94
\dspbrk@lvl=\count95
\tag@help=\toks17
\row@=\count96
\column@=\count97
\maxfields@=\count98
\andhelp@=\toks18
\eqnshift@=\dimen106
\alignsep@=\dimen107
\tagshift@=\dimen108
\tagwidth@=\dimen109
\totwidth@=\dimen110
\lineht@=\dimen111
\@envbody=\toks19
\multlinegap=\skip44
\multlinetaggap=\skip45
\mathdisplay@stack=\toks20
LaTeX Info: Redefining \[ on input line 2735.
LaTeX Info: Redefining \] on input line 2736.
)
(/usr/share/texlive/texmf-dist/tex/latex/amsfonts/amsfonts.sty
Package: amsfonts 2013/01/14 v3.01 Basic AMSFonts support
\symAMSa=\mathgroup4
\symAMSb=\mathgroup5
LaTeX Font Info:    Overwriting math alphabet `\mathfrak' in version `bold'
(Font)                  U/euf/m/n --> U/euf/b/n on input line 106.
)
(/usr/share/texlive/texmf-dist/tex/latex/amsfonts/amssymb.sty
Package: amssymb 2013/01/14 v3.01 AMS font symbols
)
(/usr/share/texlive/texmf-dist/tex/latex/graphics/graphicx.sty
Package: graphicx 2014/10/28 v1.0g Enhanced LaTeX Graphics (DPC,SPQR)

(/usr/share/texlive/texmf-dist/tex/latex/graphics/keyval.sty
Package: keyval 2014/10/28 v1.15 key=value parser (DPC)
\KV@toks@=\toks21
)
(/usr/share/texlive/texmf-dist/tex/latex/graphics/graphics.sty
Package: graphics 2016/01/03 v1.0q Standard LaTeX Graphics (DPC,SPQR)

(/usr/share/texlive/texmf-dist/tex/latex/graphics/trig.sty
Package: trig 2016/01/03 v1.10 sin cos tan (DPC)
)
(/usr/share/texlive/texmf-dist/tex/latex/latexconfig/graphics.cfg
File: graphics.cfg 2010/04/23 v1.9 graphics configuration of TeX Live
)
Package graphics Info: Driver file: pdftex.def on input line 95.

(/usr/share/texlive/texmf-dist/tex/latex/pdftex-def/pdftex.def
File: pdftex.def 2011/05/27 v0.06d Graphics/color for pdfTeX

(/usr/share/texlive/texmf-dist/tex/generic/oberdiek/infwarerr.sty
Package: infwarerr 2010/04/08 v1.3 Providing info/warning/error messages (HO)
)
(/usr/share/texlive/texmf-dist/tex/generic/oberdiek/ltxcmds.sty
Package: ltxcmds 2011/11/09 v1.22 LaTeX kernel commands for general use (HO)
)
\Gread@gobject=\count99
))
\Gin@req@height=\dimen112
\Gin@req@width=\dimen113
)
(/usr/share/texlive/texmf-dist/tex/latex/tools/bm.sty
Package: bm 2014/10/28 v1.1c Bold Symbol Support (DPC/FMi)
\symboldoperators=\mathgroup6
\symboldletters=\mathgroup7
\symboldsymbols=\mathgroup8
LaTeX Font Info:    Redeclaring math alphabet \mathbf on input line 141.
LaTeX Info: Redefining \bm on input line 207.
)
(/usr/share/texlive/texmf-dist/tex/latex/wrapfig/wrapfig.sty
\wrapoverhang=\dimen114
\WF@size=\dimen115
\c@WF@wrappedlines=\count100
\WF@box=\box28
\WF@everypar=\toks22
Package: wrapfig 2003/01/31  v 3.6
)
(/usr/share/texlive/texmf-dist/tex/latex/appendix/appendix.sty
Package: appendix 2009/09/02 v1.2b extra appendix facilities
\c@@pps=\count101
\c@@ppsavesec=\count102
\c@@ppsaveapp=\count103
)
(/usr/share/texlive/texmf-dist/tex/latex/caption/subcaption.sty
Package: subcaption 2016/02/20 v1.1-142 Sub-captions (AR)

(/usr/share/texlive/texmf-dist/tex/latex/caption/caption.sty
Package: caption 2016/02/21 v3.3-144 Customizing captions (AR)

(/usr/share/texlive/texmf-dist/tex/latex/caption/caption3.sty
Package: caption3 2016/02/04 v1.7-139 caption3 kernel (AR)
Package caption3 Info: TeX engine: e-TeX on input line 67.
\captionmargin=\dimen116
\captionmargin@=\dimen117
\captionwidth=\dimen118
\caption@tempdima=\dimen119
\caption@indent=\dimen120
\caption@parindent=\dimen121
\caption@hangindent=\dimen122
)
\c@ContinuedFloat=\count104
Package caption Info: wrapfig package is loaded.
)
\c@subfigure=\count105
\c@subtable=\count106
)
(/usr/share/texlive/texmf-dist/tex/latex/framed/framed.sty
Package: framed 2011/10/22 v 0.96: framed or shaded text with page breaks
\OuterFrameSep=\skip46
\fb@frw=\dimen123
\fb@frh=\dimen124
\FrameRule=\dimen125
\FrameSep=\dimen126
)
(/usr/share/texlive/texmf-dist/tex/latex/tools/longtable.sty
Package: longtable 2014/10/28 v4.11 Multi-page Table package (DPC)
\LTleft=\skip47
\LTright=\skip48
\LTpre=\skip49
\LTpost=\skip50
\LTchunksize=\count107
\LTcapwidth=\dimen127
\LT@head=\box29
\LT@firsthead=\box30
\LT@foot=\box31
\LT@lastfoot=\box32
\LT@cols=\count108
\LT@rows=\count109
\c@LT@tables=\count110
\c@LT@chunks=\count111
\LT@p@ftn=\toks23
)
(/usr/share/texlive/texmf-dist/tex/latex/tools/enumerate.sty
Package: enumerate 2015/07/23 v3.00 enumerate extensions (DPC)
\@enLab=\toks24
)
(/usr/share/texlive/texmf-dist/tex/latex/enumitem/enumitem.sty
Package: enumitem 2011/09/28 v3.5.2 Customized lists
\labelindent=\skip51
\enit@outerparindent=\dimen128
\enit@toks=\toks25
\enit@inbox=\box33
\enitdp@description=\count112
)
(/usr/share/texlive/texmf-dist/tex/latex/ntheorem/ntheorem.sty
Style `ntheorem', Version 1.33 <2011/08/15>
Package: ntheorem 2011/08/15 1.33
(/usr/share/texlive/texmf-dist/tex/latex/base/ifthen.sty
Package: ifthen 2014/09/29 v1.1c Standard LaTeX ifthen package (DPC)
)
\theorem@style=\toks26
\theorem@@style=\toks27
\theorembodyfont=\toks28
\theoremnumbering=\toks29
\theorempreskipamount=\skip52
\theorempostskipamount=\skip53
\theoremframepreskipamount=\skip54
\theoremframepostskipamount=\skip55
\theoreminframepreskipamount=\skip56
\theoreminframepostskipamount=\skip57
\theorem@preskip=\toks30
\theorem@postskip=\toks31
\theorem@framepreskip=\toks32
\theorem@framepostskip=\toks33
\theorem@inframepreskip=\toks34
\theorem@inframepostskip=\toks35
\theoremindent=\dimen129
\theorem@indent=\dimen130
\theoremrightindent=\dimen131
\theorem@rightindent=\dimen132
\theoremheaderfont=\toks36
\theoremseparator=\toks37
\theoremprework=\toks38
\theorempostwork=\toks39
\theoremsymbol=\toks40
\qedsymbol=\toks41
\theoremkeyword=\toks42
\qedsymbol=\toks43
\thm@topsep=\skip58
\thm@topsepadd=\skip59
\shadecolor=\toks44
Package ntheorem Info: Standard config file ntheorem.std used on input line 118
4.

(/usr/share/texlive/texmf-dist/tex/latex/ntheorem/ntheorem.std
(/usr/share/texlive/texmf-dist/tex/latex/base/latexsym.sty
Package: latexsym 1998/08/17 v2.2e Standard LaTeX package (lasy symbols)
\symlasy=\mathgroup9
LaTeX Font Info:    Overwriting symbol font `lasy' in version `bold'
(Font)                  U/lasy/m/n --> U/lasy/b/n on input line 52.
)
\c@Theorem=\count113
\c@theorem=\count114
\c@Satz=\count115
\c@satz=\count116
\c@Proposition=\count117
\c@proposition=\count118
\c@Lemma=\count119
\c@lemma=\count120
\c@Korollar=\count121
\c@korollar=\count122
\c@Corollary=\count123
\c@corollary=\count124
\c@Example=\count125
\c@example=\count126
\c@Beispiel=\count127
\c@beispiel=\count128
\c@Bemerkung=\count129
\c@bemerkung=\count130
\c@Anmerkung=\count131
\c@anmerkung=\count132
\c@Remark=\count133
\c@remark=\count134
\c@Definition=\count135
\c@definition=\count136
\c@Proof=\count137
\c@proof=\count138
\c@Beweis=\count139
\c@beweis=\count140
))
\c@assumption=\count141
\c@algorithm=\count142

(/usr/share/texlive/texmf-dist/tex/latex/listings/listings.sty
\lst@mode=\count143
\lst@gtempboxa=\box34
\lst@token=\toks45
\lst@length=\count144
\lst@currlwidth=\dimen133
\lst@column=\count145
\lst@pos=\count146
\lst@lostspace=\dimen134
\lst@width=\dimen135
\lst@newlines=\count147
\lst@lineno=\count148
\lst@maxwidth=\dimen136

(/usr/share/texlive/texmf-dist/tex/latex/listings/lstmisc.sty
File: lstmisc.sty 2015/06/04 1.6 (Carsten Heinz)
\c@lstnumber=\count149
\lst@skipnumbers=\count150
\lst@framebox=\box35
)
(/usr/share/texlive/texmf-dist/tex/latex/listings/listings.cfg
File: listings.cfg 2015/06/04 1.6 listings configuration
))
Package: listings 2015/06/04 1.6 (Carsten Heinz)

(/usr/share/texlive/texmf-dist/tex/latex/graphics/color.sty
Package: color 2016/01/03 v1.1b Standard LaTeX Color (DPC)

(/usr/share/texlive/texmf-dist/tex/latex/latexconfig/color.cfg
File: color.cfg 2007/01/18 v1.5 color configuration of teTeX/TeXLive
)
Package color Info: Driver file: pdftex.def on input line 143.
)
(/usr/share/texlive/texmf-dist/tex/latex/geometry/geometry.sty
Package: geometry 2010/09/12 v5.6 Page Geometry

(/usr/share/texlive/texmf-dist/tex/generic/oberdiek/ifpdf.sty
Package: ifpdf 2011/01/30 v2.3 Provides the ifpdf switch (HO)
Package ifpdf Info: pdfTeX in PDF mode is detected.
)
(/usr/share/texlive/texmf-dist/tex/generic/oberdiek/ifvtex.sty
Package: ifvtex 2010/03/01 v1.5 Detect VTeX and its facilities (HO)
Package ifvtex Info: VTeX not detected.
)
(/usr/share/texlive/texmf-dist/tex/generic/ifxetex/ifxetex.sty
Package: ifxetex 2010/09/12 v0.6 Provides ifxetex conditional
)
\Gm@cnth=\count151
\Gm@cntv=\count152
\c@Gm@tempcnt=\count153
\Gm@bindingoffset=\dimen137
\Gm@wd@mp=\dimen138
\Gm@odd@mp=\dimen139
\Gm@even@mp=\dimen140
\Gm@layoutwidth=\dimen141
\Gm@layoutheight=\dimen142
\Gm@layouthoffset=\dimen143
\Gm@layoutvoffset=\dimen144
\Gm@dimlist=\toks46
)
(/usr/share/texlive/texmf-dist/tex/latex/fancyhdr/fancyhdr.sty
\fancy@headwidth=\skip60
\f@ncyO@elh=\skip61
\f@ncyO@erh=\skip62
\f@ncyO@olh=\skip63
\f@ncyO@orh=\skip64
\f@ncyO@elf=\skip65
\f@ncyO@erf=\skip66
\f@ncyO@olf=\skip67
\f@ncyO@orf=\skip68
)
(/usr/share/texlive/texmf-dist/tex/latex/cleveref/cleveref.sty
Package: cleveref 2013/12/28 v0.19 Intelligent cross-referencing
Package cleveref Info: `ntheorem' support loaded on input line 2887.
Package cleveref Info: `listings' support loaded on input line 2950.
) (./report.aux)
\openout1 = `report.aux'.

LaTeX Font Info:    Checking defaults for OML/cmm/m/it on input line 57.
LaTeX Font Info:    ... okay on input line 57.
LaTeX Font Info:    Checking defaults for T1/cmr/m/n on input line 57.
LaTeX Font Info:    ... okay on input line 57.
LaTeX Font Info:    Checking defaults for OT1/cmr/m/n on input line 57.
LaTeX Font Info:    ... okay on input line 57.
LaTeX Font Info:    Checking defaults for OMS/cmsy/m/n on input line 57.
LaTeX Font Info:    ... okay on input line 57.
LaTeX Font Info:    Checking defaults for OMX/cmex/m/n on input line 57.
LaTeX Font Info:    ... okay on input line 57.
LaTeX Font Info:    Checking defaults for U/cmr/m/n on input line 57.
LaTeX Font Info:    ... okay on input line 57.

(/usr/share/texlive/texmf-dist/tex/context/base/supp-pdf.mkii
[Loading MPS to PDF converter (version 2006.09.02).]
\scratchcounter=\count154
\scratchdimen=\dimen145
\scratchbox=\box36
\nofMPsegments=\count155
\nofMParguments=\count156
\everyMPshowfont=\toks47
\MPscratchCnt=\count157
\MPscratchDim=\dimen146
\MPnumerator=\count158
\makeMPintoPDFobject=\count159
\everyMPtoPDFconversion=\toks48
) (/usr/share/texlive/texmf-dist/tex/generic/oberdiek/pdftexcmds.sty
Package: pdftexcmds 2011/11/29 v0.20 Utility functions of pdfTeX for LuaTeX (HO
)

(/usr/share/texlive/texmf-dist/tex/generic/oberdiek/ifluatex.sty
Package: ifluatex 2010/03/01 v1.3 Provides the ifluatex switch (HO)
Package ifluatex Info: LuaTeX not detected.
)
Package pdftexcmds Info: LuaTeX not detected.
Package pdftexcmds Info: \pdf@primitive is available.
Package pdftexcmds Info: \pdf@ifprimitive is available.
Package pdftexcmds Info: \pdfdraftmode found.
)
(/usr/share/texlive/texmf-dist/tex/latex/oberdiek/epstopdf-base.sty
Package: epstopdf-base 2010/02/09 v2.5 Base part for package epstopdf

(/usr/share/texlive/texmf-dist/tex/latex/oberdiek/grfext.sty
Package: grfext 2010/08/19 v1.1 Manage graphics extensions (HO)

(/usr/share/texlive/texmf-dist/tex/generic/oberdiek/kvdefinekeys.sty
Package: kvdefinekeys 2011/04/07 v1.3 Define keys (HO)
))
(/usr/share/texlive/texmf-dist/tex/latex/oberdiek/kvoptions.sty
Package: kvoptions 2011/06/30 v3.11 Key value format for package options (HO)

(/usr/share/texlive/texmf-dist/tex/generic/oberdiek/kvsetkeys.sty
Package: kvsetkeys 2012/04/25 v1.16 Key value parser (HO)

(/usr/share/texlive/texmf-dist/tex/generic/oberdiek/etexcmds.sty
Package: etexcmds 2011/02/16 v1.5 Avoid name clashes with e-TeX commands (HO)
Package etexcmds Info: Could not find \expanded.
(etexcmds)             That can mean that you are not using pdfTeX 1.50 or
(etexcmds)             that some package has redefined \expanded.
(etexcmds)             In the latter case, load this package earlier.
)))
Package grfext Info: Graphics extension search list:
(grfext)             [.png,.pdf,.jpg,.mps,.jpeg,.jbig2,.jb2,.PNG,.PDF,.JPG,.JPE
G,.JBIG2,.JB2,.eps]
(grfext)             \AppendGraphicsExtensions on input line 452.

(/usr/share/texlive/texmf-dist/tex/latex/latexconfig/epstopdf-sys.cfg
File: epstopdf-sys.cfg 2010/07/13 v1.3 Configuration of (r)epstopdf for TeX Liv
e
))
Package caption Info: Begin \AtBeginDocument code.
Package caption Info: listings package is loaded.
Package caption Info: longtable package is loaded.

(/usr/share/texlive/texmf-dist/tex/latex/caption/ltcaption.sty
Package: ltcaption 2013/06/09 v1.4-94 longtable captions (AR)
)
Package caption Info: End \AtBeginDocument code.
\c@lstlisting=\count160

*geometry* driver: auto-detecting
*geometry* detected driver: pdftex
*geometry* verbose mode - [ preamble ] result:
* driver: pdftex
* paper: a4paper
* layout: <same size as paper>
* layoutoffset:(h,v)=(0.0pt,0.0pt)
* modes: 
* h-part:(L,W,R)=(56.9055pt, 483.69687pt, 56.9055pt)
* v-part:(T,H,B)=(56.9055pt, 731.23584pt, 56.9055pt)
* \paperwidth=597.50787pt
* \paperheight=845.04684pt
* \textwidth=483.69687pt
* \textheight=731.23584pt
* \oddsidemargin=-15.36449pt
* \evensidemargin=-15.36449pt
* \topmargin=-52.36449pt
* \headheight=12.0pt
* \headsep=25.0pt
* \topskip=10.0pt
* \footskip=30.0pt
* \marginparwidth=57.0pt
* \marginparsep=11.0pt
* \columnsep=10.0pt
* \skip\footins=9.0pt plus 4.0pt minus 2.0pt
* \hoffset=0.0pt
* \voffset=0.0pt
* \mag=1000
* \@twocolumnfalse
* \@twosidefalse
* \@mparswitchfalse
* \@reversemarginfalse
* (1in=72.27pt=25.4mm, 1cm=28.453pt)

LaTeX Font Info:    Try loading font information for U+msa on input line 58.
(/usr/share/texlive/texmf-dist/tex/latex/amsfonts/umsa.fd
File: umsa.fd 2013/01/14 v3.01 AMS symbols A
)
LaTeX Font Info:    Try loading font information for U+msb on input line 58.

(/usr/share/texlive/texmf-dist/tex/latex/amsfonts/umsb.fd
File: umsb.fd 2013/01/14 v3.01 AMS symbols B
)
LaTeX Font Info:    Try loading font information for U+lasy on input line 58.

(/usr/share/texlive/texmf-dist/tex/latex/base/ulasy.fd
File: ulasy.fd 1998/08/17 v2.2e LaTeX symbol font definitions
) [1

{/var/lib/texmf/fonts/map/pdftex/updmap/pdftex.map}] [1

]

LaTeX Warning: Reference `[FIGURE:MENINGITIS BELT]' on page 1 undefined on inpu
t line 96.

[2]
Overfull \hbox (10.04253pt too wide) in paragraph at lines 110--111
[]\OT1/cmr/m/n/10 Since 2010, a WHO project has been un-der-taken to com-bat ep
i-demic menin-gi-tis in the re-gion. A polysaccharide-
 []

[3]

LaTeX Warning: Reference `fig:population_flow' on page 1 undefined on input lin
e 150.


LaTeX Warning: Citation `Kolmogoroff1931' on page 4 undefined on input line 158
.


LaTeX Warning: Citation `Feller1940' on page 4 undefined on input line 158.

[4] [5] [6]

LaTeX Warning: Reference `fig:healthy_pop' on page 1 undefined on input line 31
3.

[7]

LaTeX Warning: Reference `fig:sick_pop' on page 1 undefined on input line 315.

[8] [9]
Overfull \hbox (82.88753pt too wide) in paragraph at lines 394--411
[][] 
 []


LaTeX Warning: Reference `appendix:pars_eqs' on page 1 undefined on input line 
411.


LaTeX Warning: Reference `appendix:pars_eqs' on page 1 undefined on input line 
411.


LaTeX Warning: Reference `appendix:pars_eqs' on page 1 undefined on input line 
414.

[10]

LaTeX Warning: Citation `clonal waves' on page 11 undefined on input line 420.


LaTeX Warning: Citation `clonalwaves' on page 11 undefined on input line 420.

<figures/raw_data_disease_free.pdf, id=57, 578.16pt x 433.62pt>
File: figures/raw_data_disease_free.pdf Graphic file (type pdf)

<use figures/raw_data_disease_free.pdf>
Package pdftex.def Info: figures/raw_data_disease_free.pdf used on input line 4
41.
(pdftex.def)             Requested size: 217.66211pt x 163.24228pt.

<figures/plotted_aves_disease_free.pdf, id=58, 578.16pt x 433.62pt>
File: figures/plotted_aves_disease_free.pdf Graphic file (type pdf)

<use figures/plotted_aves_disease_free.pdf>
Package pdftex.def Info: figures/plotted_aves_disease_free.pdf used on input li
ne 445.
(pdftex.def)             Requested size: 217.66211pt x 163.24228pt.


LaTeX Warning: `h' float specifier changed to `ht'.

<figures/disease_endemic_1pop_A.pdf, id=59, 578.16pt x 433.62pt>
File: figures/disease_endemic_1pop_A.pdf Graphic file (type pdf)

<use figures/disease_endemic_1pop_A.pdf>
Package pdftex.def Info: figures/disease_endemic_1pop_A.pdf used on input line 
456.
(pdftex.def)             Requested size: 217.66211pt x 163.24228pt.

<figures/disease_endemic_1pop_W135.pdf, id=60, 578.16pt x 433.62pt>
File: figures/disease_endemic_1pop_W135.pdf Graphic file (type pdf)

<use figures/disease_endemic_1pop_W135.pdf>
Package pdftex.def Info: figures/disease_endemic_1pop_W135.pdf used on input li
ne 460.
(pdftex.def)             Requested size: 217.66211pt x 163.24228pt.


LaTeX Warning: `h' float specifier changed to `ht'.

[11] <figures/endemic_1pop_A_infants.pdf, id=64, 578.16pt x 433.62pt>
File: figures/endemic_1pop_A_infants.pdf Graphic file (type pdf)

<use figures/endemic_1pop_A_infants.pdf>
Package pdftex.def Info: figures/endemic_1pop_A_infants.pdf used on input line 
478.
(pdftex.def)             Requested size: 145.11053pt x 108.82819pt.

<figures/endemic_1pop_A_young.pdf, id=65, 578.16pt x 433.62pt>
File: figures/endemic_1pop_A_young.pdf Graphic file (type pdf)

<use figures/endemic_1pop_A_young.pdf>
Package pdftex.def Info: figures/endemic_1pop_A_young.pdf used on input line 48
2.
(pdftex.def)             Requested size: 145.11053pt x 108.82819pt.

<figures/endemic_1pop_A_adults.pdf, id=66, 578.16pt x 433.62pt>
File: figures/endemic_1pop_A_adults.pdf Graphic file (type pdf)

<use figures/endemic_1pop_A_adults.pdf>
Package pdftex.def Info: figures/endemic_1pop_A_adults.pdf used on input line 4
86.
(pdftex.def)             Requested size: 145.11053pt x 108.82819pt.

<figures/disease_endemic_2pop_A.pdf, id=67, 578.16pt x 433.62pt>
File: figures/disease_endemic_2pop_A.pdf Graphic file (type pdf)

<use figures/disease_endemic_2pop_A.pdf>
Package pdftex.def Info: figures/disease_endemic_2pop_A.pdf used on input line 
563.
(pdftex.def)             Requested size: 217.66211pt x 163.24228pt.

<figures/disease_endemic_2pop_W135.pdf, id=68, 578.16pt x 433.62pt>
File: figures/disease_endemic_2pop_W135.pdf Graphic file (type pdf)

<use figures/disease_endemic_2pop_W135.pdf>
Package pdftex.def Info: figures/disease_endemic_2pop_W135.pdf used on input li
ne 567.
(pdftex.def)             Requested size: 217.66211pt x 163.24228pt.
 [12 <./figures/raw_data_disease_free.pdf> <./figures/plotted_aves_disease_free
.pdf

pdfTeX warning: pdflatex (file ./figures/plotted_aves_disease_free.pdf): PDF in
clusion: multiple pdfs with page group included in a single page
>] [13 <./figures/disease_endemic_1pop_A.pdf> <./figures/disease_endemic_1pop_W
135.pdf

pdfTeX warning: pdflatex (file ./figures/disease_endemic_1pop_W135.pdf): PDF in
clusion: multiple pdfs with page group included in a single page
> <./figures/endemic_1pop_A_infants.pdf

pdfTeX warning: pdflatex (file ./figures/endemic_1pop_A_infants.pdf): PDF inclu
sion: multiple pdfs with page group included in a single page
> <./figures/endemic_1pop_A_young.pdf

pdfTeX warning: pdflatex (file ./figures/endemic_1pop_A_young.pdf): PDF inclusi
on: multiple pdfs with page group included in a single page
> <./figures/endemic_1pop_A_adults.pdf

pdfTeX warning: pdflatex (file ./figures/endemic_1pop_A_adults.pdf): PDF inclus
ion: multiple pdfs with page group included in a single page
>] [14] <figures/disease_A_seasonal.pdf, id=252, 578.16pt x 433.62pt>
File: figures/disease_A_seasonal.pdf Graphic file (type pdf)

<use figures/disease_A_seasonal.pdf>
Package pdftex.def Info: figures/disease_A_seasonal.pdf used on input line 584.

(pdftex.def)             Requested size: 217.66211pt x 163.24228pt.

<figures/disease_W135_seasonal.pdf, id=253, 578.16pt x 433.62pt>
File: figures/disease_W135_seasonal.pdf Graphic file (type pdf)

<use figures/disease_W135_seasonal.pdf>
Package pdftex.def Info: figures/disease_W135_seasonal.pdf used on input line 5
88.
(pdftex.def)             Requested size: 217.66211pt x 163.24228pt.
 [15 <./figures/disease_endemic_2pop_A.pdf> <./figures/disease_endemic_2pop_W13
5.pdf

pdfTeX warning: pdflatex (file ./figures/disease_endemic_2pop_W135.pdf): PDF in
clusion: multiple pdfs with page group included in a single page
>] [16 <./figures/disease_A_seasonal.pdf> <./figures/disease_W135_seasonal.pdf

pdfTeX warning: pdflatex (file ./figures/disease_W135_seasonal.pdf): PDF inclus
ion: multiple pdfs with page group included in a single page
>] [17]

LaTeX Warning: Reference `appendix:pars_eqs' on page 1 undefined on input line 
670.


Underfull \hbox (badness 10000) in paragraph at lines 681--681
[]|$\OML/cmm/m/it/10 W \OT1/cmr/m/n/10 =
 []


Underfull \hbox (badness 2790) in paragraph at lines 691--691
[]|\OT1/cmr/m/n/10 Transmission to sus-
 []


Underfull \hbox (badness 10000) in paragraph at lines 692--693
[]|$\OML/cmm/m/it/10 W \OT1/cmr/m/n/10 =
 []


Underfull \hbox (badness 10000) in paragraph at lines 692--693
[] [] [] \OT1/cmr/m/n/10 +
 []


Underfull \hbox (badness 10000) in paragraph at lines 692--693
[] [][] \OMS/cmsy/m/n/10 ^^A
 []


Underfull \hbox (badness 2790) in paragraph at lines 694--694
[]|\OT1/cmr/m/n/10 Transmission to sus-
 []


Underfull \hbox (badness 10000) in paragraph at lines 695--695
[]|$\OML/cmm/m/it/10 W \OT1/cmr/m/n/10 =
 []


Underfull \hbox (badness 10000) in paragraph at lines 695--695
[] [] [] \OT1/cmr/m/n/10 +
 []


Underfull \hbox (badness 10000) in paragraph at lines 695--695
[] [][] \OMS/cmsy/m/n/10 ^^A
 []


Underfull \hbox (badness 2790) in paragraph at lines 696--696
[]|\OT1/cmr/m/n/10 Transmission to sus-
 []


Underfull \hbox (badness 10000) in paragraph at lines 697--697
[]|$\OML/cmm/m/it/10 W \OT1/cmr/m/n/10 =
 []


Underfull \hbox (badness 10000) in paragraph at lines 697--697
[] [] [] \OT1/cmr/m/n/10 +
 []


Underfull \hbox (badness 10000) in paragraph at lines 697--697
[] [][] \OMS/cmsy/m/n/10 ^^A
 []


Underfull \hbox (badness 5189) in paragraph at lines 704--704
[]|\OT1/cmr/m/n/10 Transmission to im-
 []


Underfull \hbox (badness 10000) in paragraph at lines 705--705
[]|$\OML/cmm/m/it/10 W \OT1/cmr/m/n/10 =
 []


Underfull \hbox (badness 10000) in paragraph at lines 705--705
[] [] [] \OT1/cmr/m/n/10 +
 []


Underfull \hbox (badness 10000) in paragraph at lines 705--705
[] [][] \OMS/cmsy/m/n/10 ^^A
 []


Underfull \hbox (badness 5189) in paragraph at lines 706--706
[]|\OT1/cmr/m/n/10 Transmission to im-
 []


Underfull \hbox (badness 10000) in paragraph at lines 707--707
[]|$\OML/cmm/m/it/10 W \OT1/cmr/m/n/10 =
 []


Underfull \hbox (badness 10000) in paragraph at lines 707--707
[] [] [] \OT1/cmr/m/n/10 +
 []


Underfull \hbox (badness 10000) in paragraph at lines 707--707
[] [][] \OMS/cmsy/m/n/10 ^^A
 []


Underfull \hbox (badness 5189) in paragraph at lines 708--708
[]|\OT1/cmr/m/n/10 Transmission to im-
 []


Underfull \hbox (badness 10000) in paragraph at lines 709--709
[]|$\OML/cmm/m/it/10 W \OT1/cmr/m/n/10 =
 []


Underfull \hbox (badness 10000) in paragraph at lines 709--709
[] [] [] \OT1/cmr/m/n/10 +
 []


Underfull \hbox (badness 10000) in paragraph at lines 709--709
[] [][] \OMS/cmsy/m/n/10 ^^A
 []


Underfull \hbox (badness 1308) in paragraph at lines 716--716
[]|\OT1/cmr/m/n/10 Adult im-mune los-ing
 []


Underfull \hbox (badness 2790) in paragraph at lines 720--720
[]|\OT1/cmr/m/n/10 Transmission to sus-
 []


Underfull \hbox (badness 10000) in paragraph at lines 721--722
[]|$\OML/cmm/m/it/10 W \OT1/cmr/m/n/10 =
 []


Overfull \hbox (8.60632pt too wide) in paragraph at lines 721--722
[] [] [] \OT1/cmr/m/n/10 +
 []


Overfull \hbox (8.12732pt too wide) in paragraph at lines 721--722
[] [][] \OMS/cmsy/m/n/10 ^^A
 []


Underfull \hbox (badness 2790) in paragraph at lines 723--723
[]|\OT1/cmr/m/n/10 Transmission to sus-
 []


Underfull \hbox (badness 10000) in paragraph at lines 724--725
[]|$\OML/cmm/m/it/10 W \OT1/cmr/m/n/10 =
 []


Overfull \hbox (8.60632pt too wide) in paragraph at lines 724--725
[] [] [] \OT1/cmr/m/n/10 +
 []


Overfull \hbox (8.12732pt too wide) in paragraph at lines 724--725
[] [][] \OMS/cmsy/m/n/10 ^^A
 []


Underfull \hbox (badness 2790) in paragraph at lines 726--726
[]|\OT1/cmr/m/n/10 Transmission to sus-
 []


Underfull \hbox (badness 10000) in paragraph at lines 727--728
[]|$\OML/cmm/m/it/10 W \OT1/cmr/m/n/10 =
 []


Overfull \hbox (8.60632pt too wide) in paragraph at lines 727--728
[] [] [] \OT1/cmr/m/n/10 +
 []


Overfull \hbox (8.12732pt too wide) in paragraph at lines 727--728
[] [][] \OMS/cmsy/m/n/10 ^^A
 []


Underfull \hbox (badness 5189) in paragraph at lines 729--729
[]|\OT1/cmr/m/n/10 Transmission to im-
 []


Underfull \hbox (badness 10000) in paragraph at lines 730--731
[]|$\OML/cmm/m/it/10 W \OT1/cmr/m/n/10 =
 []


Overfull \hbox (8.60632pt too wide) in paragraph at lines 730--731
[] [] [] \OT1/cmr/m/n/10 +
 []


Overfull \hbox (8.12732pt too wide) in paragraph at lines 730--731
[] [][] \OMS/cmsy/m/n/10 ^^A
 []


Underfull \hbox (badness 5189) in paragraph at lines 732--732
[]|\OT1/cmr/m/n/10 Transmission to im-
 []


Underfull \hbox (badness 10000) in paragraph at lines 733--734
[]|$\OML/cmm/m/it/10 W \OT1/cmr/m/n/10 =
 []


Overfull \hbox (8.60632pt too wide) in paragraph at lines 733--734
[] [] [] \OT1/cmr/m/n/10 +
 []


Overfull \hbox (8.12732pt too wide) in paragraph at lines 733--734
[] [][] \OMS/cmsy/m/n/10 ^^A
 []


Underfull \hbox (badness 5189) in paragraph at lines 735--735
[]|\OT1/cmr/m/n/10 Transmission to im-
 []


Underfull \hbox (badness 10000) in paragraph at lines 736--737
[]|$\OML/cmm/m/it/10 W \OT1/cmr/m/n/10 =
 []


Overfull \hbox (8.60632pt too wide) in paragraph at lines 736--737
[] [] [] \OT1/cmr/m/n/10 +
 []


Overfull \hbox (8.12732pt too wide) in paragraph at lines 736--737
[] [][] \OMS/cmsy/m/n/10 ^^A
 []


Underfull \hbox (badness 3895) in paragraph at lines 741--741
\OT1/cmr/m/n/10 ing car-rier, sea-sonal
 []


Underfull \hbox (badness 3895) in paragraph at lines 742--742
\OT1/cmr/m/n/10 ing car-rier, sea-sonal
 []


Underfull \hbox (badness 3895) in paragraph at lines 743--743
\OT1/cmr/m/n/10 ing car-rier, sea-sonal
 []

[18] [19]
Underfull \hbox (badness 5504) in paragraph at lines 756--756
\OT1/cmr/m/n/10 du-ra-tion of dis-ease, 7
 []


Underfull \hbox (badness 3965) in paragraph at lines 758--758
\OT1/cmr/m/n/10 some point dur-ing the
 []


Underfull \hbox (badness 3323) in paragraph at lines 758--758
\OT1/cmr/m/n/10 in-cu-ba-tion pe-riod, es-ti-
 []


Underfull \hbox (badness 1127) in paragraph at lines 760--761
\OT1/cmr/m/n/10 Here, $\OML/cmm/m/it/10 D[]$ \OT1/cmr/m/n/10 is the ra-tio
 []


Underfull \hbox (badness 4608) in paragraph at lines 762--762
[]|\OT1/cmr/m/n/10 Rate at which a car-
 []


Underfull \hbox (badness 2351) in paragraph at lines 762--763
\OT1/cmr/m/n/10 to gain im-mu-nity af-ter
 []


Underfull \hbox (badness 1852) in paragraph at lines 762--763
\OT1/cmr/m/n/10 car-riage. The rate at
 []


Underfull \hbox (badness 4608) in paragraph at lines 764--764
[]|\OT1/cmr/m/n/10 Rate at which a car-
 []


Underfull \hbox (badness 3803) in paragraph at lines 764--764
\OT1/cmr/m/n/10 im-mu-nity, and the re-
 []


Underfull \hbox (badness 1838) in paragraph at lines 765--765
\OT1/cmr/m/n/10 are ex-pected to re-main
 []


Underfull \hbox (badness 1838) in paragraph at lines 766--766
\OT1/cmr/m/n/10 are ex-pected to re-main
 []

[20] [21] (./report.bbl)
\tf@thm=\write3
\openout3 = `report.thm'.

 [22] (./report.aux)

LaTeX Warning: There were undefined references.

 ) 
Here is how much of TeX's memory you used:
 9022 strings out of 494953
 142877 string characters out of 6180978
 261408 words of memory out of 5000000
 12139 multiletter control sequences out of 15000+600000
 18862 words of font info for 73 fonts, out of 8000000 for 9000
 14 hyphenation exceptions out of 8191
 42i,12n,43p,1623b,496s stack positions out of 5000i,500n,10000p,200000b,80000s
</usr/share/texlive/texmf-dist/fonts/type1/public/amsfonts/cm/cmbx10.pfb></us
r/share/texlive/texmf-dist/fonts/type1/public/amsfonts/cm/cmbx12.pfb></usr/shar
e/texlive/texmf-dist/fonts/type1/public/amsfonts/cm/cmcsc10.pfb></usr/share/tex
live/texmf-dist/fonts/type1/public/amsfonts/cm/cmex10.pfb></usr/share/texlive/t
exmf-dist/fonts/type1/public/amsfonts/cmextra/cmex7.pfb></usr/share/texlive/tex
mf-dist/fonts/type1/public/amsfonts/cm/cmmi10.pfb></usr/share/texlive/texmf-dis
t/fonts/type1/public/amsfonts/cm/cmmi5.pfb></usr/share/texlive/texmf-dist/fonts
/type1/public/amsfonts/cm/cmmi7.pfb></usr/share/texlive/texmf-dist/fonts/type1/
public/amsfonts/cm/cmmib10.pfb></usr/share/texlive/texmf-dist/fonts/type1/publi
c/amsfonts/cm/cmr10.pfb></usr/share/texlive/texmf-dist/fonts/type1/public/amsfo
nts/cm/cmr12.pfb></usr/share/texlive/texmf-dist/fonts/type1/public/amsfonts/cm/
cmr17.pfb></usr/share/texlive/texmf-dist/fonts/type1/public/amsfonts/cm/cmr5.pf
b></usr/share/texlive/texmf-dist/fonts/type1/public/amsfonts/cm/cmr7.pfb></usr/
share/texlive/texmf-dist/fonts/type1/public/amsfonts/cm/cmr9.pfb></usr/share/te
xlive/texmf-dist/fonts/type1/public/amsfonts/cm/cmsy10.pfb></usr/share/texlive/
texmf-dist/fonts/type1/public/amsfonts/cm/cmsy5.pfb></usr/share/texlive/texmf-d
ist/fonts/type1/public/amsfonts/cm/cmsy7.pfb></usr/share/texlive/texmf-dist/fon
ts/type1/public/amsfonts/cm/cmti10.pfb></usr/share/texlive/texmf-dist/fonts/typ
e1/public/amsfonts/cm/cmtt10.pfb></usr/share/texlive/texmf-dist/fonts/type1/pub
lic/amsfonts/symbols/msbm10.pfb>
Output written on report.pdf (23 pages, 1426011 bytes).
PDF statistics:
 448 PDF objects out of 1000 (max. 8388607)
 174 compressed objects within 2 object streams
 0 named destinations out of 1000 (max. 500000)
 56 words of extra memory for PDF output out of 10000 (max. 10000000)

